2023-05-02 23:59:50,990 [MainThread  ] [INFO ]  Starting main function
2023-05-02 23:59:50,990 [MainThread  ] [INFO ]  Parameters:
2023-05-02 23:59:50,990 [MainThread  ] [INFO ]   SoccerNet_path : /data/ted/data/sn_data/soccernet
2023-05-02 23:59:50,990 [MainThread  ] [INFO ]         features : ResNET_TF2_PCA512.npy
2023-05-02 23:59:50,990 [MainThread  ] [INFO ]       max_epochs : 1000
2023-05-02 23:59:50,990 [MainThread  ] [INFO ]     load_weights : None
2023-05-02 23:59:50,990 [MainThread  ] [INFO ]       model_name : CALF_v2
2023-05-02 23:59:50,990 [MainThread  ] [INFO ]        test_only : False
2023-05-02 23:59:50,990 [MainThread  ] [INFO ]        challenge : False
2023-05-02 23:59:50,990 [MainThread  ] [INFO ]         K_params : None
2023-05-02 23:59:50,990 [MainThread  ] [INFO ]     num_features : 512
2023-05-02 23:59:50,990 [MainThread  ] [INFO ]  chunks_per_epoch : 18000
2023-05-02 23:59:50,990 [MainThread  ] [INFO ]  evaluation_frequency : 20
2023-05-02 23:59:50,990 [MainThread  ] [INFO ]      dim_capsule : 16
2023-05-02 23:59:50,990 [MainThread  ] [INFO ]        framerate : 2
2023-05-02 23:59:50,990 [MainThread  ] [INFO ]       chunk_size : 120
2023-05-02 23:59:50,990 [MainThread  ] [INFO ]  receptive_field : 40
2023-05-02 23:59:50,990 [MainThread  ] [INFO ]     lambda_coord : 5.0
2023-05-02 23:59:50,990 [MainThread  ] [INFO ]     lambda_noobj : 0.5
2023-05-02 23:59:50,990 [MainThread  ] [INFO ]  loss_weight_segmentation : 0.000367
2023-05-02 23:59:50,990 [MainThread  ] [INFO ]  loss_weight_detection : 1.0
2023-05-02 23:59:50,990 [MainThread  ] [INFO ]       batch_size : 32
2023-05-02 23:59:50,990 [MainThread  ] [INFO ]               LR : 0.001
2023-05-02 23:59:50,990 [MainThread  ] [INFO ]         patience : 25
2023-05-02 23:59:50,990 [MainThread  ] [INFO ]              GPU : -1
2023-05-02 23:59:50,990 [MainThread  ] [INFO ]   max_num_worker : 4
2023-05-02 23:59:50,990 [MainThread  ] [INFO ]         loglevel : INFO
2023-05-02 23:59:50,992 [MainThread  ] [INFO ]  Checking/Download features and labels locally
2023-05-02 23:59:51,319 [MainThread  ] [INFO ]  Pre-compute clips
2023-05-03 00:00:03,038 [MainThread  ] [INFO ]  Checking/Download features and labels locally
2023-05-03 00:00:03,143 [MainThread  ] [INFO ]  Pre-compute clips
2023-05-03 00:00:06,793 [MainThread  ] [INFO ]  Checking/Download features and labels locally
2023-05-03 00:00:06,899 [MainThread  ] [INFO ]  Checking/Download features and labels locally
2023-05-03 00:00:07,222 [MainThread  ] [INFO ]  ContextAwareModel(
  (conv_1): Conv2d(1, 128, kernel_size=(1, 512), stride=(1, 1))
  (conv_2): Conv2d(128, 32, kernel_size=(1, 1), stride=(1, 1))
  (pad_p_1): ZeroPad2d((0, 0, 5, 6))
  (pad_p_2): ZeroPad2d((0, 0, 13, 13))
  (pad_p_3): ZeroPad2d((0, 0, 19, 20))
  (pad_p_4): ZeroPad2d((0, 0, 39, 40))
  (conv_p_1): Conv2d(32, 8, kernel_size=(12, 1), stride=(1, 1))
  (conv_p_2): Conv2d(32, 16, kernel_size=(27, 1), stride=(1, 1))
  (conv_p_3): Conv2d(32, 32, kernel_size=(40, 1), stride=(1, 1))
  (conv_p_4): Conv2d(32, 64, kernel_size=(80, 1), stride=(1, 1))
  (pad_seg): ZeroPad2d((0, 0, 1, 1))
  (conv_seg): Conv2d(152, 272, kernel_size=(3, 1), stride=(1, 1))
  (batch_seg): BatchNorm2d(240, eps=0.001, momentum=0.01, affine=True, track_running_stats=True)
  (max_pool_spot): MaxPool2d(kernel_size=(3, 1), stride=(2, 1), padding=0, dilation=1, ceil_mode=False)
  (pad_spot_1): ZeroPad2d((0, 0, 1, 1))
  (conv_spot_1): Conv2d(289, 32, kernel_size=(3, 1), stride=(1, 1))
  (max_pool_spot_1): MaxPool2d(kernel_size=(3, 1), stride=(2, 1), padding=0, dilation=1, ceil_mode=False)
  (pad_spot_2): ZeroPad2d((0, 0, 1, 1))
  (conv_spot_2): Conv2d(32, 16, kernel_size=(3, 1), stride=(1, 1))
  (max_pool_spot_2): MaxPool2d(kernel_size=(3, 1), stride=(2, 1), padding=0, dilation=1, ceil_mode=False)
  (conv_conf): Conv2d(464, 30, kernel_size=(1, 1), stride=(1, 1))
  (conv_class): Conv2d(464, 255, kernel_size=(1, 1), stride=(1, 1))
  (softmax): Softmax(dim=-1)
)
2023-05-03 00:00:07,223 [MainThread  ] [INFO ]  Total number of parameters: 578245
2023-05-03 00:00:07,224 [MainThread  ] [INFO ]  start training
2023-05-03 00:08:18,417 [MainThread  ] [INFO ]  Validation performance at epoch 21 -> 0.1233853363487879
2023-05-03 00:08:35,572 [MainThread  ] [INFO ]  Test performance at epoch 21 -> 0.10909627349434924
2023-05-03 00:16:49,816 [MainThread  ] [INFO ]  Validation performance at epoch 41 -> 0.1286504981301256
2023-05-03 00:17:07,254 [MainThread  ] [INFO ]  Test performance at epoch 41 -> 0.12074169521414646
2023-05-03 00:24:23,567 [MainThread  ] [INFO ]  Plateau Reached!
2023-05-03 00:25:29,584 [MainThread  ] [INFO ]  Validation performance at epoch 61 -> 0.13808999096245905
2023-05-03 00:25:46,949 [MainThread  ] [INFO ]  Test performance at epoch 61 -> 0.13325523997204491
2023-05-03 00:34:03,296 [MainThread  ] [INFO ]  Validation performance at epoch 81 -> 0.1421117850584605
2023-05-03 00:34:20,578 [MainThread  ] [INFO ]  Test performance at epoch 81 -> 0.13140618058252448
2023-05-03 00:35:57,144 [MainThread  ] [INFO ]  Plateau Reached!
2023-05-03 00:42:35,270 [MainThread  ] [INFO ]  Validation performance at epoch 101 -> 0.14524117177692106
2023-05-03 00:42:52,789 [MainThread  ] [INFO ]  Test performance at epoch 101 -> 0.13153631821857809
2023-05-03 00:46:52,876 [MainThread  ] [INFO ]  Plateau Reached!
2023-05-03 00:51:08,789 [MainThread  ] [INFO ]  Validation performance at epoch 121 -> 0.14225187886271165
2023-05-03 00:57:34,206 [MainThread  ] [INFO ]  Plateau Reached!
2023-05-03 00:59:27,439 [MainThread  ] [INFO ]  Validation performance at epoch 141 -> 0.13915726483417226
2023-05-03 01:07:42,417 [MainThread  ] [INFO ]  Validation performance at epoch 161 -> 0.1396404989792894
2023-05-03 01:08:31,122 [MainThread  ] [INFO ]  Plateau Reached!
2023-05-03 01:16:02,166 [MainThread  ] [INFO ]  Validation performance at epoch 181 -> 0.13955981710040968
2023-05-03 01:18:51,290 [MainThread  ] [INFO ]  Plateau Reached and no more reduction -> Exiting Loop
2023-05-03 01:19:08,877 [MainThread  ] [INFO ]  Best performance at end of training 
2023-05-03 01:19:08,878 [MainThread  ] [INFO ]  Average mAP: 0.13153631821857809
2023-05-03 01:19:08,878 [MainThread  ] [INFO ]  Average mAP visible: 0.13246309081740534
2023-05-03 01:19:08,878 [MainThread  ] [INFO ]  Average mAP unshown: 0.13548994541144238
2023-05-03 01:19:08,878 [MainThread  ] [INFO ]  Average mAP per class: [0.0, 0.124496866255391, 0.1413588940122103, 0.15841599076030677, 0.04391480488695747, 0.08348788366808137, 0.12247733825525357, 0.13507707330238417, 0.4521968184362082, 0.26538553336757775, 0.20834613638721083, 0.13454248175924252, 0.061053568388905556, 0.24792411801088482, 0.05743990222521293, 0.0, 0.0]
2023-05-03 01:19:08,878 [MainThread  ] [INFO ]  Average mAP visible per class: [0.0, 0.07628530462437536, 0.1512919923001819, 0.1998874366678926, 0.045050192616121434, 0.08477631246873514, 0.12254733557022277, 0.14361740877113788, 0.45606707312869166, 0.2828948027503649, 0.2107590865863835, 0.07802486447051037, 0.07824995496739345, 0.2583428580751654, 0.06407792089871422, 0.0, 0.0]
2023-05-03 01:19:08,878 [MainThread  ] [INFO ]  Average mAP unshown per class: [0.0, 0.13323431933149188, 0.0, 0.08737492236303465, 0.10785123966942148, 0.0, 0.1818181818181818, 0.1285215200619501, 0.41436654600830014, 0.22391679133592082, 0.16132269732474977, 0.13372759158358558, 0.004992877284251399, 0.16796898556265896, 0.0162736180052044, 0.0, 0.0]
2023-05-03 01:19:08,880 [MainThread  ] [INFO ]  Total Execution Time is 4757.8904366493225 seconds
