2023-05-11 15:07:13,384 [MainThread  ] [INFO ]  Starting main function
2023-05-11 15:07:13,385 [MainThread  ] [INFO ]  Parameters:
2023-05-11 15:07:13,385 [MainThread  ] [INFO ]   SoccerNet_path : /data/ted/data/sn_data/clip_soccernet
2023-05-11 15:07:13,385 [MainThread  ] [INFO ]         features : CLIP_feats.npz--num_features=512
2023-05-11 15:07:13,385 [MainThread  ] [INFO ]       max_epochs : 1000
2023-05-11 15:07:13,385 [MainThread  ] [INFO ]     load_weights : None
2023-05-11 15:07:13,385 [MainThread  ] [INFO ]       model_name : CALF_clip
2023-05-11 15:07:13,385 [MainThread  ] [INFO ]        test_only : False
2023-05-11 15:07:13,385 [MainThread  ] [INFO ]        challenge : False
2023-05-11 15:07:13,385 [MainThread  ] [INFO ]         K_params : None
2023-05-11 15:07:13,385 [MainThread  ] [INFO ]     num_features : 512
2023-05-11 15:07:13,385 [MainThread  ] [INFO ]  chunks_per_epoch : 18000
2023-05-11 15:07:13,385 [MainThread  ] [INFO ]  evaluation_frequency : 20
2023-05-11 15:07:13,385 [MainThread  ] [INFO ]      dim_capsule : 16
2023-05-11 15:07:13,385 [MainThread  ] [INFO ]        framerate : 2
2023-05-11 15:07:13,385 [MainThread  ] [INFO ]       chunk_size : 120
2023-05-11 15:07:13,385 [MainThread  ] [INFO ]  receptive_field : 40
2023-05-11 15:07:13,385 [MainThread  ] [INFO ]     lambda_coord : 5.0
2023-05-11 15:07:13,385 [MainThread  ] [INFO ]     lambda_noobj : 0.5
2023-05-11 15:07:13,385 [MainThread  ] [INFO ]  loss_weight_segmentation : 0.000367
2023-05-11 15:07:13,385 [MainThread  ] [INFO ]  loss_weight_detection : 1.0
2023-05-11 15:07:13,385 [MainThread  ] [INFO ]       batch_size : 32
2023-05-11 15:07:13,385 [MainThread  ] [INFO ]               LR : 0.001
2023-05-11 15:07:13,385 [MainThread  ] [INFO ]         patience : 25
2023-05-11 15:07:13,385 [MainThread  ] [INFO ]              GPU : -1
2023-05-11 15:07:13,385 [MainThread  ] [INFO ]   max_num_worker : 4
2023-05-11 15:07:13,385 [MainThread  ] [INFO ]         loglevel : INFO
2023-05-11 15:07:13,387 [MainThread  ] [INFO ]  Checking/Download features and label s locally
2023-05-11 15:16:37,747 [MainThread  ] [INFO ]  Pre-compute clips
