2023-05-11 16:09:37,243 [MainThread  ] [INFO ]  Starting main function
2023-05-11 16:09:37,243 [MainThread  ] [INFO ]  Parameters:
2023-05-11 16:09:37,243 [MainThread  ] [INFO ]   SoccerNet_path : /data/ted/data/sn_data/clip_soccernet
2023-05-11 16:09:37,243 [MainThread  ] [INFO ]         features : CLIP_feats.npz
2023-05-11 16:09:37,244 [MainThread  ] [INFO ]       max_epochs : 1000
2023-05-11 16:09:37,244 [MainThread  ] [INFO ]     load_weights : None
2023-05-11 16:09:37,244 [MainThread  ] [INFO ]       model_name : CALF_clip
2023-05-11 16:09:37,244 [MainThread  ] [INFO ]        test_only : False
2023-05-11 16:09:37,244 [MainThread  ] [INFO ]        challenge : False
2023-05-11 16:09:37,244 [MainThread  ] [INFO ]         K_params : None
2023-05-11 16:09:37,244 [MainThread  ] [INFO ]     num_features : 1024
2023-05-11 16:09:37,244 [MainThread  ] [INFO ]  chunks_per_epoch : 18000
2023-05-11 16:09:37,244 [MainThread  ] [INFO ]  evaluation_frequency : 20
2023-05-11 16:09:37,244 [MainThread  ] [INFO ]      dim_capsule : 16
2023-05-11 16:09:37,244 [MainThread  ] [INFO ]        framerate : 2
2023-05-11 16:09:37,244 [MainThread  ] [INFO ]       chunk_size : 120
2023-05-11 16:09:37,244 [MainThread  ] [INFO ]  receptive_field : 40
2023-05-11 16:09:37,244 [MainThread  ] [INFO ]     lambda_coord : 5.0
2023-05-11 16:09:37,244 [MainThread  ] [INFO ]     lambda_noobj : 0.5
2023-05-11 16:09:37,244 [MainThread  ] [INFO ]  loss_weight_segmentation : 0.000367
2023-05-11 16:09:37,244 [MainThread  ] [INFO ]  loss_weight_detection : 1.0
2023-05-11 16:09:37,244 [MainThread  ] [INFO ]       batch_size : 32
2023-05-11 16:09:37,244 [MainThread  ] [INFO ]               LR : 0.001
2023-05-11 16:09:37,244 [MainThread  ] [INFO ]         patience : 25
2023-05-11 16:09:37,244 [MainThread  ] [INFO ]              GPU : -1
2023-05-11 16:09:37,244 [MainThread  ] [INFO ]   max_num_worker : 4
2023-05-11 16:09:37,244 [MainThread  ] [INFO ]         loglevel : INFO
2023-05-11 16:09:37,246 [MainThread  ] [INFO ]  Checking/Download features and label s locally
2023-05-11 16:09:37,357 [MainThread  ] [INFO ]  Pre-compute clips
2023-05-11 16:09:50,886 [MainThread  ] [INFO ]  Checking/Download features and label s locally
2023-05-11 16:09:50,922 [MainThread  ] [INFO ]  Pre-compute clips
2023-05-11 16:09:55,123 [MainThread  ] [INFO ]  Checking/Download features and labels locally
2023-05-11 16:09:55,159 [MainThread  ] [INFO ]  Checking/Download features and labels locally
2023-05-11 16:09:55,607 [MainThread  ] [INFO ]  ContextAwareModel(
  (linear_input1): Linear(in_features=1024, out_features=768, bias=True)
  (linear_input2): Linear(in_features=768, out_features=512, bias=True)
  (conv_1): Conv2d(1, 128, kernel_size=(1, 512), stride=(1, 1))
  (conv_2): Conv2d(128, 32, kernel_size=(1, 1), stride=(1, 1))
  (pad_p_1): ZeroPad2d((0, 0, 5, 6))
  (pad_p_2): ZeroPad2d((0, 0, 13, 13))
  (pad_p_3): ZeroPad2d((0, 0, 19, 20))
  (pad_p_4): ZeroPad2d((0, 0, 39, 40))
  (conv_p_1): Conv2d(32, 8, kernel_size=(12, 1), stride=(1, 1))
  (conv_p_2): Conv2d(32, 16, kernel_size=(27, 1), stride=(1, 1))
  (conv_p_3): Conv2d(32, 32, kernel_size=(40, 1), stride=(1, 1))
  (conv_p_4): Conv2d(32, 64, kernel_size=(80, 1), stride=(1, 1))
  (pad_seg): ZeroPad2d((0, 0, 1, 1))
  (conv_seg): Conv2d(152, 272, kernel_size=(3, 1), stride=(1, 1))
  (batch_seg): BatchNorm2d(240, eps=0.001, momentum=0.01, affine=True, track_running_stats=True)
  (max_pool_spot): MaxPool2d(kernel_size=(3, 1), stride=(2, 1), padding=0, dilation=1, ceil_mode=False)
  (pad_spot_1): ZeroPad2d((0, 0, 1, 1))
  (conv_spot_1): Conv2d(289, 32, kernel_size=(3, 1), stride=(1, 1))
  (max_pool_spot_1): MaxPool2d(kernel_size=(3, 1), stride=(2, 1), padding=0, dilation=1, ceil_mode=False)
  (pad_spot_2): ZeroPad2d((0, 0, 1, 1))
  (conv_spot_2): Conv2d(32, 16, kernel_size=(3, 1), stride=(1, 1))
  (max_pool_spot_2): MaxPool2d(kernel_size=(3, 1), stride=(2, 1), padding=0, dilation=1, ceil_mode=False)
  (conv_conf): Conv2d(464, 30, kernel_size=(1, 1), stride=(1, 1))
  (conv_class): Conv2d(464, 255, kernel_size=(1, 1), stride=(1, 1))
  (softmax): Softmax(dim=-1)
)
2023-05-11 16:09:55,608 [MainThread  ] [INFO ]  Total number of parameters: 1759173
2023-05-11 16:09:55,608 [MainThread  ] [INFO ]  start training
2023-05-11 16:18:46,266 [MainThread  ] [INFO ]  Validation performance at epoch 21 -> 0.017338973209964564
2023-05-11 16:18:52,179 [MainThread  ] [INFO ]  Test performance at epoch 21 -> 0.017338973209964564
2023-05-11 16:27:11,512 [MainThread  ] [INFO ]  Validation performance at epoch 41 -> 0.016576211352230894
2023-05-11 16:28:25,589 [MainThread  ] [INFO ]  Plateau Reached!
2023-05-11 16:35:34,068 [MainThread  ] [INFO ]  Validation performance at epoch 61 -> 0.016993806976711812
2023-05-11 16:39:17,366 [MainThread  ] [INFO ]  Plateau Reached!
2023-05-11 16:43:55,491 [MainThread  ] [INFO ]  Validation performance at epoch 81 -> 0.01690695288023521
2023-05-11 16:50:05,925 [MainThread  ] [INFO ]  Plateau Reached!
2023-05-11 16:52:15,933 [MainThread  ] [INFO ]  Validation performance at epoch 101 -> 0.01690695288023521
2023-05-11 17:00:41,647 [MainThread  ] [INFO ]  Validation performance at epoch 121 -> 0.01690695288023521
2023-05-11 17:01:06,622 [MainThread  ] [INFO ]  Plateau Reached!
2023-05-11 17:09:03,221 [MainThread  ] [INFO ]  Validation performance at epoch 141 -> 0.01690695288023521
2023-05-11 17:11:56,134 [MainThread  ] [INFO ]  Plateau Reached!
2023-05-11 17:17:22,987 [MainThread  ] [INFO ]  Validation performance at epoch 161 -> 0.01690695288023521
2023-05-11 17:22:20,399 [MainThread  ] [INFO ]  Plateau Reached and no more reduction -> Exiting Loop
2023-05-11 17:22:26,447 [MainThread  ] [INFO ]  Best performance at end of training 
2023-05-11 17:22:26,447 [MainThread  ] [INFO ]  Average mAP: 0.017338973209964564
2023-05-11 17:22:26,447 [MainThread  ] [INFO ]  Average mAP visible: 0.016837044555562657
2023-05-11 17:22:26,447 [MainThread  ] [INFO ]  Average mAP unshown: 0.035611780299062326
2023-05-11 17:22:26,447 [MainThread  ] [INFO ]  Average mAP per class: [0.0, 0.0, 0.0, 0.0, 0.0, 0.0, 0.0, 0.0, 0.23571486806982989, 0.0, 0.059047676499567686, 0.0, 0.0, 0.0, 0.0, 0.0, 0.0]
2023-05-11 17:22:26,447 [MainThread  ] [INFO ]  Average mAP visible per class: [0.0, 0.0, 0.0, 0.0, 0.0, 0.0, 0.0, 0.0, 0.22698746957941496, 0.0, 0.059242287865150144, 0.0, 0.0, 0.0, 0.0, 0.0, 0.0]
2023-05-11 17:22:26,447 [MainThread  ] [INFO ]  Average mAP unshown per class: [0.0, 0.0, 0.0, 0.0, 0.0, 0.0, 0.0, 0.0, 0.42281146738249736, 0.0, 0.04014167650531287, 0.0, 0.0, 0.0, 0.0, 0.0, 0.0]
2023-05-11 17:22:26,449 [MainThread  ] [INFO ]  Total Execution Time is 4369.205648899078 seconds
