2023-06-15 21:49:44,100 [MainThread  ] [INFO ]  Starting main function
2023-06-15 21:49:44,100 [MainThread  ] [INFO ]  Parameters:
2023-06-15 21:49:44,100 [MainThread  ] [INFO ]   SoccerNet_path : /data/ted/hdsi/challenge_sn_video
2023-06-15 21:49:44,100 [MainThread  ] [INFO ]         features : CLIP_feats.npz
2023-06-15 21:49:44,100 [MainThread  ] [INFO ]       max_epochs : 1000
2023-06-15 21:49:44,100 [MainThread  ] [INFO ]     load_weights : None
2023-06-15 21:49:44,101 [MainThread  ] [INFO ]       model_name : CALF_clip_full_data
2023-06-15 21:49:44,101 [MainThread  ] [INFO ]        test_only : True
2023-06-15 21:49:44,101 [MainThread  ] [INFO ]        challenge : True
2023-06-15 21:49:44,101 [MainThread  ] [INFO ]         K_params : None
2023-06-15 21:49:44,101 [MainThread  ] [INFO ]     num_features : 1024
2023-06-15 21:49:44,101 [MainThread  ] [INFO ]  chunks_per_epoch : 18000
2023-06-15 21:49:44,101 [MainThread  ] [INFO ]  evaluation_frequency : 20
2023-06-15 21:49:44,101 [MainThread  ] [INFO ]      dim_capsule : 16
2023-06-15 21:49:44,101 [MainThread  ] [INFO ]        framerate : 2
2023-06-15 21:49:44,101 [MainThread  ] [INFO ]       chunk_size : 120
2023-06-15 21:49:44,101 [MainThread  ] [INFO ]  receptive_field : 40
2023-06-15 21:49:44,101 [MainThread  ] [INFO ]     lambda_coord : 5.0
2023-06-15 21:49:44,101 [MainThread  ] [INFO ]     lambda_noobj : 0.5
2023-06-15 21:49:44,101 [MainThread  ] [INFO ]  loss_weight_segmentation : 0.000367
2023-06-15 21:49:44,101 [MainThread  ] [INFO ]  loss_weight_detection : 1.0
2023-06-15 21:49:44,101 [MainThread  ] [INFO ]       batch_size : 32
2023-06-15 21:49:44,101 [MainThread  ] [INFO ]               LR : 0.001
2023-06-15 21:49:44,101 [MainThread  ] [INFO ]         patience : 25
2023-06-15 21:49:44,101 [MainThread  ] [INFO ]              GPU : -1
2023-06-15 21:49:44,101 [MainThread  ] [INFO ]   max_num_worker : 4
2023-06-15 21:49:44,101 [MainThread  ] [INFO ]         loglevel : INFO
2023-06-15 21:49:44,102 [MainThread  ] [INFO ]  Checking/Download features and labels locally
2023-06-15 21:49:44,112 [MainThread  ] [INFO ]  ContextAwareModel(
  (conv_1): Conv2d(1, 128, kernel_size=(1, 1024), stride=(1, 1))
  (conv_2): Conv2d(128, 32, kernel_size=(1, 1), stride=(1, 1))
  (pad_p_1): ZeroPad2d((0, 0, 5, 6))
  (pad_p_2): ZeroPad2d((0, 0, 13, 13))
  (pad_p_3): ZeroPad2d((0, 0, 19, 20))
  (pad_p_4): ZeroPad2d((0, 0, 39, 40))
  (conv_p_1): Conv2d(32, 8, kernel_size=(12, 1), stride=(1, 1))
  (conv_p_2): Conv2d(32, 16, kernel_size=(27, 1), stride=(1, 1))
  (conv_p_3): Conv2d(32, 32, kernel_size=(40, 1), stride=(1, 1))
  (conv_p_4): Conv2d(32, 64, kernel_size=(80, 1), stride=(1, 1))
  (pad_seg): ZeroPad2d((0, 0, 1, 1))
  (conv_seg): Conv2d(152, 272, kernel_size=(3, 1), stride=(1, 1))
  (batch_seg): BatchNorm2d(240, eps=0.001, momentum=0.01, affine=True, track_running_stats=True)
  (max_pool_spot): MaxPool2d(kernel_size=(3, 1), stride=(2, 1), padding=0, dilation=1, ceil_mode=False)
  (pad_spot_1): ZeroPad2d((0, 0, 1, 1))
  (conv_spot_1): Conv2d(289, 32, kernel_size=(3, 1), stride=(1, 1))
  (max_pool_spot_1): MaxPool2d(kernel_size=(3, 1), stride=(2, 1), padding=0, dilation=1, ceil_mode=False)
  (pad_spot_2): ZeroPad2d((0, 0, 1, 1))
  (conv_spot_2): Conv2d(32, 16, kernel_size=(3, 1), stride=(1, 1))
  (max_pool_spot_2): MaxPool2d(kernel_size=(3, 1), stride=(2, 1), padding=0, dilation=1, ceil_mode=False)
  (conv_conf): Conv2d(464, 30, kernel_size=(1, 1), stride=(1, 1))
  (conv_class): Conv2d(464, 255, kernel_size=(1, 1), stride=(1, 1))
  (softmax): Softmax(dim=-1)
)
2023-06-15 21:49:44,112 [MainThread  ] [INFO ]  Total number of parameters: 643781
2023-06-15 21:50:00,251 [MainThread  ] [INFO ]  Best performance at end of training 
2023-06-15 21:50:00,251 [MainThread  ] [INFO ]  Average mAP: 0.0
2023-06-15 21:50:00,251 [MainThread  ] [INFO ]  Average mAP visible: 0.0
2023-06-15 21:50:00,251 [MainThread  ] [INFO ]  Average mAP unshown: 0.0
2023-06-15 21:50:00,251 [MainThread  ] [INFO ]  Average mAP per class: [0.0, 0.0, 0.0, 0.0, 0.0, 0.0, 0.0, 0.0, 0.0, 0.0, 0.0, 0.0, 0.0, 0.0, 0.0, 0.0, 0.0]
2023-06-15 21:50:00,251 [MainThread  ] [INFO ]  Average mAP visible per class: [0.0, 0.0, 0.0, 0.0, 0.0, 0.0, 0.0, 0.0, 0.0, 0.0, 0.0, 0.0, 0.0, 0.0, 0.0, 0.0, 0.0]
2023-06-15 21:50:00,251 [MainThread  ] [INFO ]  Average mAP unshown per class: [0.0, 0.0, 0.0, 0.0, 0.0, 0.0, 0.0, 0.0, 0.0, 0.0, 0.0, 0.0, 0.0, 0.0, 0.0, 0.0, 0.0]
2023-06-15 21:50:00,252 [MainThread  ] [INFO ]  Total Execution Time is 16.15144419670105 seconds
